\BOOKMARK [0][-]{chapter*.5}{\376\377\000I\000n\000t\000r\000o\000d\000u\000c\000t\000i\000o\000n}{}% 1
\BOOKMARK [0][-]{chapter.1}{\376\377\000S\000t\000a\000t\000e\000-\000o\000f\000-\000t\000h\000e\000-\000a\000r\000t}{}% 2
\BOOKMARK [0][-]{chapter.2}{\376\377\000U\000s\000e\000d\000\040\000m\000a\000t\000h\000e\000m\000a\000t\000i\000c\000a\000l\000\040\000p\000r\000i\000n\000c\000i\000p\000l\000e\000s}{}% 3
\BOOKMARK [1][-]{section.2.1}{\376\377\000F\000e\000r\000m\000a\000t\000'\000s\000\040\000l\000i\000t\000t\000l\000e\000\040\000t\000h\000e\000o\000r\000e\000m}{chapter.2}% 4
\BOOKMARK [1][-]{section.2.2}{\376\377\000E\000u\000l\000e\000r\000'\000s\000\040\000t\000o\000t\000i\000e\000n\000t\000\040\000f\000u\000n\000c\000t\000i\000o\000n}{chapter.2}% 5
\BOOKMARK [1][-]{section.2.3}{\376\377\000E\000u\000l\000e\000r\000'\000s\000\040\000t\000h\000e\000o\000r\000e\000m}{chapter.2}% 6
\BOOKMARK [1][-]{section.2.4}{\376\377\000C\000h\000i\000n\000e\000s\000e\000\040\000r\000e\000m\000a\000i\000n\000d\000e\000r\000\040\000t\000h\000e\000o\000r\000e\000m}{chapter.2}% 7
\BOOKMARK [0][-]{chapter.3}{\376\377\000R\000S\000A}{}% 8
\BOOKMARK [1][-]{section.3.1}{\376\377\000P\000r\000i\000n\000c\000i\000p\000l\000e}{chapter.3}% 9
\BOOKMARK [1][-]{section.3.2}{\376\377\000S\000e\000c\000u\000r\000i\000t\000y}{chapter.3}% 10
\BOOKMARK [1][-]{section.3.3}{\376\377\000O\000p\000t\000i\000m\000i\000z\000a\000t\000i\000o\000n}{chapter.3}% 11
\BOOKMARK [0][-]{chapter.4}{\376\377\000A\000t\000t\000a\000c\000k\000s}{}% 12
\BOOKMARK [1][-]{section.4.1}{\376\377\000A\000t\000t\000a\000c\000k\000\040\000o\000n\000\040\000m\000u\000l\000t\000i\000p\000l\000y}{chapter.4}% 13
\BOOKMARK [1][-]{section.4.2}{\376\377\000A\000t\000t\000a\000c\000k\000\040\000o\000n\000\040\000s\000q\000u\000a\000r\000e}{chapter.4}% 14
\BOOKMARK [0][-]{chapter.5}{\376\377\000D\000e\000f\000e\000n\000s\000e}{}% 15
\BOOKMARK [1][-]{section.5.1}{\376\377\000A\000d\000d\000i\000t\000i\000o\000n\000a\000l\000\040\000r\000e\000d\000u\000c\000t\000i\000o\000n}{chapter.5}% 16
\BOOKMARK [1][-]{section.5.2}{\376\377\000M\000a\000s\000k\000i\000n\000g}{chapter.5}% 17
\BOOKMARK [0][-]{chapter.6}{\376\377\000R\000e\000a\000l\000i\000s\000a\000t\000i\000o\000n}{}% 18
\BOOKMARK [1][-]{section.6.1}{\376\377\000R\000S\000A\000\040\000i\000m\000p\000l\000e\000m\000e\000n\000t\000a\000t\000i\000o\000n}{chapter.6}% 19
\BOOKMARK [1][-]{section.6.2}{\376\377\000A\000t\000t\000a\000c\000k\000\040\000i\000m\000p\000l\000e\000m\000e\000n\000t\000a\000t\000i\000o\000n}{chapter.6}% 20
\BOOKMARK [1][-]{section.6.3}{\376\377\000P\000r\000o\000b\000l\000e\000m\000s\000\040\000a\000n\000d\000\040\000e\000x\000p\000e\000r\000i\000m\000e\000n\000t\000s}{chapter.6}% 21
\BOOKMARK [0][-]{chapter*.86}{\376\377\000C\000o\000n\000c\000l\000u\000s\000i\000o\000n}{}% 22
\BOOKMARK [0][-]{section*.95}{\376\377\000B\000i\000b\000l\000i\000o\000g\000r\000a\000p\000h\000y}{}% 23
\BOOKMARK [0][-]{appendix.A}{\376\377\000A\000c\000r\000o\000n\000y\000m\000s}{}% 24
\BOOKMARK [0][-]{appendix.B}{\376\377\000C\000o\000n\000t\000e\000n\000t\000s\000\040\000o\000f\000\040\000e\000n\000c\000l\000o\000s\000e\000d\000\040\000C\000D}{}% 25
